<?xml version="1.0" encoding="UTF-8"?>
<!-- Generated by org.testng.reporters.JUnitReportReporter -->
<testsuite skipped="0" hostname="LP-PC0MQFYK" name="demo.demo" tests="2" failures="0" timestamp="11 Apr 2018 11:25:51 GMT" time="0.015" errors="0">
  <testcase name="m" time="0.014" classname="demo.demo"/>
  <testcase name="m1" time="0.001" classname="demo.demo"/>
</testsuite> <!-- demo.demo -->
